<?xml version="1.0" encoding="UTF-8"?>
<!-- Generated by org.testng.reporters.JUnitReportReporter -->
<testsuite hostname="LNOR071176" failures="0" tests="1" name="testcases.ApplicationLogin" time="19.978" errors="0" timestamp="23 jan. 2021 11:48:21 GMT" skipped="0">
  <testcase classname="testcases.ApplicationLogin" name="loginTest" time="19.978"/>
</testsuite> <!-- testcases.ApplicationLogin -->
