<?xml version="1.0" encoding="UTF-8"?>
<!-- Generated by org.testng.reporters.JUnitReportReporter -->
<testsuite hostname="LNOR071176" failures="0" tests="1" name="com.practice.SeleniumMav.AppTest" time="33.210" errors="0" timestamp="16 jan. 2021 11:39:17 GMT" skipped="0">
  <testcase classname="com.practice.SeleniumMav.AppTest" name="ActualTest" time="33.210"/>
</testsuite> <!-- com.practice.SeleniumMav.AppTest -->
